<?xml version="1.0" encoding="UTF-8"?>
<!-- Generated by org.testng.reporters.JUnitReportReporter -->
<testsuite hostname="LAPTOP-2KR4188N" failures="0" tests="1" name="TestCases.TestSkipr" time="0.000" errors="0" timestamp="29 Apr 2020 07:09:09 GMT" skipped="1">
  <testcase classname="TestCases.TestSkipr" name="testmethod" time="0.000">
    <skipped/>
  </testcase> <!-- testmethod -->
</testsuite> <!-- TestCases.TestSkipr -->
