<?xml version="1.0" encoding="UTF-8"?>
<!-- Generated by org.testng.reporters.JUnitReportReporter -->
<testsuite hostname="LAPTOP-2KR4188N" failures="0" tests="1" name="TestCases.TestSkip" time="0.000" errors="0" timestamp="29 Apr 2020 07:26:02 GMT" skipped="1">
  <testcase classname="TestCases.TestSkip" name="testSkipmethod" time="0.000">
    <skipped/>
  </testcase> <!-- testSkipmethod -->
</testsuite> <!-- TestCases.TestSkip -->
