<?xml version="1.0" encoding="UTF-8"?>
<!-- Generated by org.testng.reporters.JUnitReportReporter -->
<testsuite hostname="LAPTOP-2KR4188N" failures="0" tests="1" name="com.framework.testcases.LoginPageTest" time="0.050" errors="0" timestamp="04 May 2020 09:07:11 GMT" skipped="0">
  <testcase classname="com.framework.testcases.LoginPageTest" name="verifyLogin" time="0.050"/>
</testsuite> <!-- com.framework.testcases.LoginPageTest -->
